{
  "uid" : "f528478c14ed2cc4",
  "name" : "test_invest_success",
  "fullName" : "TestCases.test_invest_pytest.TestInvestPage#test_invest_success",
  "historyId" : "2bdfafd25e10c6f6a1d46eaaf1818663",
  "time" : {
    "start" : 1561894515549,
    "stop" : 1561894547709,
    "duration" : 32160
  },
  "status" : "broken",
  "statusMessage" : "selenium.common.exceptions.TimeoutException: Message:",
  "statusTrace" : "self = <TestCases.test_invest_pytest.TestInvestPage object at 0x000000D80C3AE6A0>\nlogin_web = <selenium.webdriver.chrome.webdriver.WebDriver (session=\"e84bff97c766d8742dee1d755746d139\")>\n\n    @pytest.mark.smoke\n    def test_invest_success(self,login_web):\n        logging.info(\"======投资用例：正常场景-投资成功\")\n        before_invest = BidPage(login_web).get_user_left_money()\n        BidPage(login_web).invest(ID.invest_success_data[\"invest_money\"])\n>       BidPage(login_web).click_activeButton_on_success_popup()  # 点击查看并激活按钮\n\nTestCases\\test_invest_pytest.py:55: \n_ _ _ _ _ _ _ _ _ _ _ _ _ _ _ _ _ _ _ _ _ _ _ _ _ _ _ _ _ _ _ _ _ _ _ _ _ _ _ _\nPageObject\\bid_page.py:35: in click_activeButton_on_success_popup\n    self.click_element(loc.bid_success_look_btn, \"标页面_投资成功提示框_点击查看并激活\")\nCommon\\basepage.py:56: in click_element\n    self.wait_eleVisible(loc, img_doc, timeout, frequency)\nCommon\\basepage.py:31: in wait_eleVisible\n    WebDriverWait(self.driver, timeout, frequency).until(EC.visibility_of_element_located(loc))\n_ _ _ _ _ _ _ _ _ _ _ _ _ _ _ _ _ _ _ _ _ _ _ _ _ _ _ _ _ _ _ _ _ _ _ _ _ _ _ _\n\nself = <selenium.webdriver.support.wait.WebDriverWait (session=\"e84bff97c766d8742dee1d755746d139\")>\nmethod = <selenium.webdriver.support.expected_conditions.visibility_of_element_located object at 0x000000D80C3AEDA0>\nmessage = ''\n\n    def until(self, method, message=''):\n        \"\"\"Calls the method provided with the driver as an argument until the \\\n        return value is not False.\"\"\"\n        screen = None\n        stacktrace = None\n    \n        end_time = time.time() + self._timeout\n        while True:\n            try:\n                value = method(self._driver)\n                if value:\n                    return value\n            except self._ignored_exceptions as exc:\n                screen = getattr(exc, 'screen', None)\n                stacktrace = getattr(exc, 'stacktrace', None)\n            time.sleep(self._poll)\n            if time.time() > end_time:\n                break\n>       raise TimeoutException(message, screen, stacktrace)\nE       selenium.common.exceptions.TimeoutException: Message:\n\nd:\\_0_0_lyx_ceshi\\python35\\lib\\site-packages\\selenium\\webdriver\\support\\wait.py:80: TimeoutException",
  "flaky" : false,
  "newFailed" : false,
  "beforeStages" : [ {
    "name" : "session_action",
    "time" : {
      "start" : 1561894263990,
      "stop" : 1561894263990,
      "duration" : 0
    },
    "status" : "passed",
    "steps" : [ ],
    "attachments" : [ ],
    "parameters" : [ ],
    "hasContent" : false,
    "stepsCount" : 0,
    "attachmentsCount" : 0,
    "shouldDisplayMessage" : false
  }, {
    "name" : "refresh_page",
    "time" : {
      "start" : 1561894515546,
      "stop" : 1561894515547,
      "duration" : 1
    },
    "status" : "passed",
    "steps" : [ ],
    "attachments" : [ ],
    "parameters" : [ ],
    "hasContent" : false,
    "stepsCount" : 0,
    "attachmentsCount" : 0,
    "shouldDisplayMessage" : false
  }, {
    "name" : "login_web",
    "time" : {
      "start" : 1561894264004,
      "stop" : 1561894323203,
      "duration" : 59199
    },
    "status" : "passed",
    "steps" : [ ],
    "attachments" : [ ],
    "parameters" : [ ],
    "hasContent" : false,
    "stepsCount" : 0,
    "attachmentsCount" : 0,
    "shouldDisplayMessage" : false
  } ],
  "testStage" : {
    "status" : "broken",
    "statusMessage" : "selenium.common.exceptions.TimeoutException: Message:",
    "statusTrace" : "self = <TestCases.test_invest_pytest.TestInvestPage object at 0x000000D80C3AE6A0>\nlogin_web = <selenium.webdriver.chrome.webdriver.WebDriver (session=\"e84bff97c766d8742dee1d755746d139\")>\n\n    @pytest.mark.smoke\n    def test_invest_success(self,login_web):\n        logging.info(\"======投资用例：正常场景-投资成功\")\n        before_invest = BidPage(login_web).get_user_left_money()\n        BidPage(login_web).invest(ID.invest_success_data[\"invest_money\"])\n>       BidPage(login_web).click_activeButton_on_success_popup()  # 点击查看并激活按钮\n\nTestCases\\test_invest_pytest.py:55: \n_ _ _ _ _ _ _ _ _ _ _ _ _ _ _ _ _ _ _ _ _ _ _ _ _ _ _ _ _ _ _ _ _ _ _ _ _ _ _ _\nPageObject\\bid_page.py:35: in click_activeButton_on_success_popup\n    self.click_element(loc.bid_success_look_btn, \"标页面_投资成功提示框_点击查看并激活\")\nCommon\\basepage.py:56: in click_element\n    self.wait_eleVisible(loc, img_doc, timeout, frequency)\nCommon\\basepage.py:31: in wait_eleVisible\n    WebDriverWait(self.driver, timeout, frequency).until(EC.visibility_of_element_located(loc))\n_ _ _ _ _ _ _ _ _ _ _ _ _ _ _ _ _ _ _ _ _ _ _ _ _ _ _ _ _ _ _ _ _ _ _ _ _ _ _ _\n\nself = <selenium.webdriver.support.wait.WebDriverWait (session=\"e84bff97c766d8742dee1d755746d139\")>\nmethod = <selenium.webdriver.support.expected_conditions.visibility_of_element_located object at 0x000000D80C3AEDA0>\nmessage = ''\n\n    def until(self, method, message=''):\n        \"\"\"Calls the method provided with the driver as an argument until the \\\n        return value is not False.\"\"\"\n        screen = None\n        stacktrace = None\n    \n        end_time = time.time() + self._timeout\n        while True:\n            try:\n                value = method(self._driver)\n                if value:\n                    return value\n            except self._ignored_exceptions as exc:\n                screen = getattr(exc, 'screen', None)\n                stacktrace = getattr(exc, 'stacktrace', None)\n            time.sleep(self._poll)\n            if time.time() > end_time:\n                break\n>       raise TimeoutException(message, screen, stacktrace)\nE       selenium.common.exceptions.TimeoutException: Message:\n\nd:\\_0_0_lyx_ceshi\\python35\\lib\\site-packages\\selenium\\webdriver\\support\\wait.py:80: TimeoutException",
    "steps" : [ ],
    "attachments" : [ {
      "uid" : "225b9c186a9905a9",
      "name" : "log",
      "source" : "225b9c186a9905a9.txt",
      "type" : "text/plain",
      "size" : 473
    } ],
    "parameters" : [ ],
    "hasContent" : true,
    "stepsCount" : 0,
    "attachmentsCount" : 1,
    "shouldDisplayMessage" : true
  },
  "afterStages" : [ {
    "name" : "session_action::0",
    "time" : {
      "start" : 1561894647751,
      "stop" : 1561894647752,
      "duration" : 1
    },
    "status" : "passed",
    "steps" : [ ],
    "attachments" : [ ],
    "parameters" : [ ],
    "hasContent" : false,
    "stepsCount" : 0,
    "attachmentsCount" : 0,
    "shouldDisplayMessage" : false
  }, {
    "name" : "refresh_page::0",
    "time" : {
      "start" : 1561894548239,
      "stop" : 1561894571858,
      "duration" : 23619
    },
    "status" : "passed",
    "steps" : [ ],
    "attachments" : [ ],
    "parameters" : [ ],
    "hasContent" : false,
    "stepsCount" : 0,
    "attachmentsCount" : 0,
    "shouldDisplayMessage" : false
  }, {
    "name" : "login_web::0",
    "time" : {
      "start" : 1561894571862,
      "stop" : 1561894574587,
      "duration" : 2725
    },
    "status" : "passed",
    "steps" : [ ],
    "attachments" : [ ],
    "parameters" : [ ],
    "hasContent" : false,
    "stepsCount" : 0,
    "attachmentsCount" : 0,
    "shouldDisplayMessage" : false
  } ],
  "labels" : [ {
    "name" : "tag",
    "value" : "invest"
  }, {
    "name" : "tag",
    "value" : "smoke"
  }, {
    "name" : "subSuite",
    "value" : "TestInvestPage"
  }, {
    "name" : "suite",
    "value" : "test_invest_pytest"
  }, {
    "name" : "parentSuite",
    "value" : "TestCases"
  }, {
    "name" : "host",
    "value" : "G50-75M"
  }, {
    "name" : "thread",
    "value" : "13544-MainThread"
  }, {
    "name" : "framework",
    "value" : "pytest"
  }, {
    "name" : "language",
    "value" : "cpython3"
  }, {
    "name" : "package",
    "value" : "TestCases.test_invest_pytest"
  }, {
    "name" : "resultFormat",
    "value" : "allure2"
  } ],
  "parameters" : [ ],
  "links" : [ ],
  "hidden" : true,
  "retry" : true,
  "extra" : {
    "categories" : [ ],
    "tags" : [ "invest", "smoke" ]
  },
  "source" : "f528478c14ed2cc4.json",
  "parameterValues" : [ ]
}