 Thu, 27 Jun 2019 18:05:07  INFO logger.py <module> [ line:25 ] abc
 Thu, 27 Jun 2019 18:05:07  INFO test_invest.py setUpClass [ line:26 ] ======用例前置：初始化浏览器会话，登录前程贷系统======
 Thu, 27 Jun 2019 18:05:41  INFO logger.py <module> [ line:25 ] abc
 Thu, 27 Jun 2019 18:05:41  INFO test_invest.py setUpClass [ line:26 ] ======用例前置：初始化浏览器会话，登录前程贷系统======
 Thu, 27 Jun 2019 18:05:49  INFO basepage.py wait_eleVisible [ line:27 ] 等待元素 ('css selector', '.username') 可见
 Thu, 27 Jun 2019 18:05:49  INFO basepage.py wait_eleVisible [ line:34 ] 开始等待时间点：2019-06-27 18:05:49.906772,结束等待时间点：2019-06-27 18:05:49.966947，等待时长为：0:00:00.060175
 Thu, 27 Jun 2019 18:05:49  INFO basepage.py get_element [ line:43 ] 查找 登录页面_用户名输入框 中的元素 ('css selector', '.username')
 Thu, 27 Jun 2019 18:05:49  INFO basepage.py input_text [ line:69 ] 给元素 ('css selector', '.username') 输入文本内容：('18684720553',)
 Thu, 27 Jun 2019 18:05:50  INFO basepage.py wait_eleVisible [ line:27 ] 等待元素 ('name', 'password') 可见
 Thu, 27 Jun 2019 18:05:50  INFO basepage.py wait_eleVisible [ line:34 ] 开始等待时间点：2019-06-27 18:05:50.182278,结束等待时间点：2019-06-27 18:05:50.248283，等待时长为：0:00:00.066005
 Thu, 27 Jun 2019 18:05:50  INFO basepage.py get_element [ line:43 ] 查找 登录页面_密码输入框 中的元素 ('name', 'password')
 Thu, 27 Jun 2019 18:05:50  INFO basepage.py input_text [ line:69 ] 给元素 ('name', 'password') 输入文本内容：('18684720553',)
 Thu, 27 Jun 2019 18:05:50  INFO basepage.py wait_eleVisible [ line:27 ] 等待元素 ('tag name', 'button') 可见
 Thu, 27 Jun 2019 18:05:50  INFO basepage.py wait_eleVisible [ line:34 ] 开始等待时间点：2019-06-27 18:05:50.439548,结束等待时间点：2019-06-27 18:05:50.510544，等待时长为：0:00:00.070996
 Thu, 27 Jun 2019 18:05:50  INFO basepage.py get_element [ line:43 ] 查找 登录页面_登录按钮 中的元素 ('tag name', 'button')
 Thu, 27 Jun 2019 18:05:50  INFO basepage.py click_element [ line:58 ] 点击元素：('tag name', 'button')
 Thu, 27 Jun 2019 18:05:50  INFO basepage.py wait_eleVisible [ line:27 ] 等待元素 ('css selector', '.btn-special') 可见
 Thu, 27 Jun 2019 18:05:50  INFO basepage.py wait_eleVisible [ line:34 ] 开始等待时间点：2019-06-27 18:05:50.668584,结束等待时间点：2019-06-27 18:05:50.723106，等待时长为：0:00:00.054522
 Thu, 27 Jun 2019 18:05:50  INFO basepage.py get_element [ line:43 ] 查找 首页_抢投标按钮 中的元素 ('css selector', '.btn-special')
 Thu, 27 Jun 2019 18:05:50  INFO basepage.py click_element [ line:58 ] 点击元素：('css selector', '.btn-special')
 Thu, 27 Jun 2019 18:05:50  INFO test_invest.py tearDown [ line:38 ] ======每一个用例后置：刷新当前页面======
 Thu, 27 Jun 2019 18:05:51  INFO test_invest.py tearDown [ line:38 ] ======每一个用例后置：刷新当前页面======
 Thu, 27 Jun 2019 18:05:53  INFO test_invest.py tearDown [ line:38 ] ======每一个用例后置：刷新当前页面======
 Thu, 27 Jun 2019 18:05:54  INFO test_invest.py tearDown [ line:38 ] ======每一个用例后置：刷新当前页面======
 Thu, 27 Jun 2019 18:05:55  INFO test_invest.py tearDown [ line:38 ] ======每一个用例后置：刷新当前页面======
 Thu, 27 Jun 2019 18:05:57  INFO test_invest.py tearDown [ line:38 ] ======每一个用例后置：刷新当前页面======
 Thu, 27 Jun 2019 18:05:58  INFO test_invest.py tearDown [ line:38 ] ======每一个用例后置：刷新当前页面======
 Thu, 27 Jun 2019 18:05:59  INFO test_invest.py tearDown [ line:38 ] ======每一个用例后置：刷新当前页面======
 Thu, 27 Jun 2019 18:06:00  INFO test_invest.py test_invest_success [ line:68 ] ======投资用例：正常场景-投资成功
 Thu, 27 Jun 2019 18:06:00  INFO basepage.py get_element [ line:43 ] 查找 个人中心_获取用户剩余金额 中的元素 ('css selector', '.color_sub')
 Thu, 27 Jun 2019 18:06:00  ERROR basepage.py get_element [ line:49 ] 查找元素失败
Traceback (most recent call last):
  File "F:\LYX\Web_Practice_2\web_login\Common\basepage.py", line 45, in get_element
    ele = self.driver.find_element(*loc)
  File "D:\_0_0_lyx_ceshi\python35\lib\site-packages\selenium\webdriver\remote\webdriver.py", line 978, in find_element
    'value': value})['value']
  File "D:\_0_0_lyx_ceshi\python35\lib\site-packages\selenium\webdriver\remote\webdriver.py", line 321, in execute
    self.error_handler.check_response(response)
  File "D:\_0_0_lyx_ceshi\python35\lib\site-packages\selenium\webdriver\remote\errorhandler.py", line 242, in check_response
    raise exception_class(message, screen, stacktrace)
selenium.common.exceptions.NoSuchElementException: Message: no such element: Unable to locate element: {"method":"css selector","selector":".color_sub"}
  (Session info: chrome=74.0.3729.169)
  (Driver info: chromedriver=74.0.3729.6 (255758eccf3d244491b8a1317aa76e1ce10d57e9-refs/branch-heads/3729@{#29}),platform=Windows NT 6.3.9600 x86_64)

 Thu, 27 Jun 2019 18:06:00  INFO basepage.py save_web_screenshot [ line:109 ] 网页截图成功。图片存储在:F:\LYX\Web_Practice_2\web_login\Outputs\screenshots/个人中心_获取用户剩余金额_2019-06-27 18_06_00.png
 Thu, 27 Jun 2019 18:06:00  INFO test_invest.py tearDown [ line:38 ] ======每一个用例后置：刷新当前页面======
 Thu, 27 Jun 2019 18:06:02  INFO test_invest.py tearDownClass [ line:44 ] ======用例后置类：关闭浏览器会话，清理环境======
